qt_host path: /Users/runner/work/ipadprocad/Qt/6.7.3/ios
qt_ios path: /Users/runner/work/ipadprocad/Qt/6.7.3/ios
ls: /Users/runner/work/ipadprocad/Qt/6.7.3/ios/lib/cmake/Qt6CoreTools: No such file or directory
no Qt6CoreTools dir at host path
-- The CXX compiler identification is AppleClang 15.0.0.15000309
-- Detecting CXX compiler ABI info
-- Detecting CXX compiler ABI info - done
-- Check for working CXX compiler: /usr/bin/c++ - skipped
-- Detecting CXX compile features
-- Detecting CXX compile features - done
-- Performing Test CMAKE_HAVE_LIBC_PTHREAD
-- Performing Test CMAKE_HAVE_LIBC_PTHREAD - Success
-- Found Threads: TRUE
-- Found ZLIB: /Applications/Xcode_15.4.app/Contents/Developer/Platforms/iPhoneSimulator.platform/Developer/SDKs/iPhoneSimulator17.5.sdk/usr/lib/libz.tbd (found version "1.2.12")
-- Found WrapSystemZLIB: TRUE (found version "1.2.12")
-- Using system ZLIB.
-- Found WrapZLIB: TRUE
-- Performing Test HAVE_STDATOMIC
-- Performing Test HAVE_STDATOMIC - Success
-- Found WrapAtomic: TRUE
-- Looking for backtrace
-- Looking for backtrace - found
-- backtrace facility detected in default set of libraries
-- Found Backtrace: /Applications/Xcode_15.4.app/Contents/Developer/Platforms/iPhoneSimulator.platform/Developer/SDKs/iPhoneSimulator17.5.sdk/usr/include
-- Using Qt bundled PCRE2.
-- Found WrapPCRE2: TRUE
-- Performing Test HAVE_GETTIME
-- Performing Test HAVE_GETTIME - Success
-- Performing Test HAVE_SHM_OPEN_SHM_UNLINK
-- Performing Test HAVE_SHM_OPEN_SHM_UNLINK - Success
-- Found WrapRt: TRUE
-- Could NOT find Qt6CoreTools (missing: Qt6CoreTools_DIR)
CMake Warning at /Users/runner/work/ipadprocad/Qt/6.7.3/ios/lib/cmake/Qt6/Qt6Config.cmake:169 (find_package):
  Found package configuration file:

    /Users/runner/work/ipadprocad/Qt/6.7.3/ios/lib/cmake/Qt6Core/Qt6CoreConfig.cmake

  but it set Qt6Core_FOUND to FALSE so package "Qt6Core" is considered to be
  NOT FOUND.  Reason given by package:

  Qt6Core could not be found because dependency Qt6CoreTools could not be
  found.

  Configuring with --debug-find-pkg=Qt6CoreTools might reveal details why the
  package was not found.

  Configuring with -DQT_DEBUG_FIND_PACKAGE=ON will print the values of some
  of the path variables that find_package uses to try and find the package.

Call Stack (most recent call first):
  src/spatialindex/CMakeLists.txt:10 (find_package)


CMake Error at src/spatialindex/CMakeLists.txt:10 (find_package):
  Found package configuration file:

    /Users/runner/work/ipadprocad/Qt/6.7.3/ios/lib/cmake/Qt6/Qt6Config.cmake

  but it set Qt6_FOUND to FALSE so package "Qt6" is considered to be NOT
  FOUND.  Reason given by package:

  Failed to find required Qt component "Core".

  Expected Config file at
  "/Users/runner/work/ipadprocad/Qt/6.7.3/ios/lib/cmake/Qt6Core/Qt6CoreConfig.cmake"
  exists



  Configuring with --debug-find-pkg=Qt6Core might reveal details why the
  package was not found.

  Configuring with -DQT_DEBUG_FIND_PACKAGE=ON will print the values of some
  of the path variables that find_package uses to try and find the package.



-- Configuring incomplete, errors occurred!
